Determining if the pthread_create exist failed with the following output:
Change Dir: /home/maialen/Documents/GeoWorldSim/libs/lemon-1.3.1/build/CMakeFiles/CMakeTmp

Run Build Command:"/usr/bin/make" "cmTC_742be/fast"
/usr/bin/make -f CMakeFiles/cmTC_742be.dir/build.make CMakeFiles/cmTC_742be.dir/build
make[1]: Entering directory '/home/maialen/Documents/GeoWorldSim/libs/lemon-1.3.1/build/CMakeFiles/CMakeTmp'
Building C object CMakeFiles/cmTC_742be.dir/CheckSymbolExists.c.o
/usr/bin/cc    -o CMakeFiles/cmTC_742be.dir/CheckSymbolExists.c.o   -c /home/maialen/Documents/GeoWorldSim/libs/lemon-1.3.1/build/CMakeFiles/CMakeTmp/CheckSymbolExists.c
Linking C executable cmTC_742be
/usr/bin/cmake -E cmake_link_script CMakeFiles/cmTC_742be.dir/link.txt --verbose=1
/usr/bin/cc      -rdynamic CMakeFiles/cmTC_742be.dir/CheckSymbolExists.c.o  -o cmTC_742be 
CMakeFiles/cmTC_742be.dir/CheckSymbolExists.c.o: In function `main':
CheckSymbolExists.c:(.text+0x1b): undefined reference to `pthread_create'
collect2: error: ld returned 1 exit status
CMakeFiles/cmTC_742be.dir/build.make:97: recipe for target 'cmTC_742be' failed
make[1]: *** [cmTC_742be] Error 1
make[1]: Leaving directory '/home/maialen/Documents/GeoWorldSim/libs/lemon-1.3.1/build/CMakeFiles/CMakeTmp'
Makefile:126: recipe for target 'cmTC_742be/fast' failed
make: *** [cmTC_742be/fast] Error 2

File /home/maialen/Documents/GeoWorldSim/libs/lemon-1.3.1/build/CMakeFiles/CMakeTmp/CheckSymbolExists.c:
/* */
#include <pthread.h>

int main(int argc, char** argv)
{
  (void)argv;
#ifndef pthread_create
  return ((int*)(&pthread_create))[argc];
#else
  (void)argc;
  return 0;
#endif
}

Determining if the function pthread_create exists in the pthreads failed with the following output:
Change Dir: /home/maialen/Documents/GeoWorldSim/libs/lemon-1.3.1/build/CMakeFiles/CMakeTmp

Run Build Command:"/usr/bin/make" "cmTC_dcde6/fast"
/usr/bin/make -f CMakeFiles/cmTC_dcde6.dir/build.make CMakeFiles/cmTC_dcde6.dir/build
make[1]: Entering directory '/home/maialen/Documents/GeoWorldSim/libs/lemon-1.3.1/build/CMakeFiles/CMakeTmp'
Building C object CMakeFiles/cmTC_dcde6.dir/CheckFunctionExists.c.o
/usr/bin/cc   -DCHECK_FUNCTION_EXISTS=pthread_create   -o CMakeFiles/cmTC_dcde6.dir/CheckFunctionExists.c.o   -c /usr/share/cmake-3.9/Modules/CheckFunctionExists.c
Linking C executable cmTC_dcde6
/usr/bin/cmake -E cmake_link_script CMakeFiles/cmTC_dcde6.dir/link.txt --verbose=1
/usr/bin/cc  -DCHECK_FUNCTION_EXISTS=pthread_create    -rdynamic CMakeFiles/cmTC_dcde6.dir/CheckFunctionExists.c.o  -o cmTC_dcde6 -lpthreads 
/usr/bin/ld: cannot find -lpthreads
collect2: error: ld returned 1 exit status
CMakeFiles/cmTC_dcde6.dir/build.make:97: recipe for target 'cmTC_dcde6' failed
make[1]: *** [cmTC_dcde6] Error 1
make[1]: Leaving directory '/home/maialen/Documents/GeoWorldSim/libs/lemon-1.3.1/build/CMakeFiles/CMakeTmp'
Makefile:126: recipe for target 'cmTC_dcde6/fast' failed
make: *** [cmTC_dcde6/fast] Error 2


